{"/mnt/c/Users/sigmu/Code/gamesimulator/lib-gs-cards/dist/src/card.js":{"path":"/mnt/c/Users/sigmu/Code/gamesimulator/lib-gs-cards/dist/src/card.js","s":{"1":1,"2":649,"3":1,"4":648,"5":1,"6":647,"7":647,"8":13,"9":1,"10":1,"11":1,"12":1,"13":1,"14":1,"15":1,"16":1,"17":1,"18":1,"19":4,"20":0,"21":1,"22":1,"23":1,"24":1,"25":1,"26":1,"27":1,"28":1,"29":1,"30":1,"31":1,"32":1,"33":1,"34":1,"35":1,"36":1,"37":1,"38":1,"39":1,"40":1,"41":1,"42":1,"43":1},"b":{"1":[1,648],"2":[649,649],"3":[1,647],"4":[648,648],"5":[1,1,1,1,1,1,1,1,1,1,2,3,4,0],"6":[1,1],"7":[1,1]},"f":{"1":649,"2":13,"3":1,"4":1},"fnMap":{"1":{"name":"(anonymous_1)","line":21,"loc":{"start":{"line":21,"column":15},"end":{"line":21,"column":29}}},"2":{"name":"(anonymous_2)","line":35,"loc":{"start":{"line":35,"column":11},"end":{"line":35,"column":14}}},"3":{"name":"(anonymous_3)","line":59,"loc":{"start":{"line":59,"column":1},"end":{"line":59,"column":17}}},"4":{"name":"(anonymous_4)","line":66,"loc":{"start":{"line":66,"column":1},"end":{"line":66,"column":18}}}},"statementMap":{"1":{"start":{"line":10,"column":0},"end":{"line":10,"column":62}},"2":{"start":{"line":22,"column":8},"end":{"line":24,"column":9}},"3":{"start":{"line":23,"column":12},"end":{"line":23,"column":60}},"4":{"start":{"line":25,"column":8},"end":{"line":27,"column":9}},"5":{"start":{"line":26,"column":12},"end":{"line":26,"column":61}},"6":{"start":{"line":28,"column":8},"end":{"line":28,"column":27}},"7":{"start":{"line":29,"column":8},"end":{"line":29,"column":25}},"8":{"start":{"line":36,"column":8},"end":{"line":53,"column":9}},"9":{"start":{"line":38,"column":16},"end":{"line":38,"column":36}},"10":{"start":{"line":39,"column":16},"end":{"line":39,"column":25}},"11":{"start":{"line":40,"column":28},"end":{"line":40,"column":37}},"12":{"start":{"line":41,"column":30},"end":{"line":41,"column":39}},"13":{"start":{"line":42,"column":29},"end":{"line":42,"column":38}},"14":{"start":{"line":43,"column":29},"end":{"line":43,"column":38}},"15":{"start":{"line":44,"column":28},"end":{"line":44,"column":37}},"16":{"start":{"line":45,"column":30},"end":{"line":45,"column":39}},"17":{"start":{"line":46,"column":30},"end":{"line":46,"column":39}},"18":{"start":{"line":47,"column":29},"end":{"line":47,"column":38}},"19":{"start":{"line":51,"column":29},"end":{"line":51,"column":39}},"20":{"start":{"line":52,"column":21},"end":{"line":52,"column":75}},"21":{"start":{"line":56,"column":0},"end":{"line":56,"column":20}},"22":{"start":{"line":57,"column":0},"end":{"line":57,"column":23}},"23":{"start":{"line":58,"column":0},"end":{"line":58,"column":9}},"24":{"start":{"line":59,"column":0},"end":{"line":64,"column":47}},"25":{"start":{"line":60,"column":4},"end":{"line":60,"column":40}},"26":{"start":{"line":61,"column":4},"end":{"line":61,"column":44}},"27":{"start":{"line":62,"column":4},"end":{"line":62,"column":38}},"28":{"start":{"line":63,"column":4},"end":{"line":63,"column":40}},"29":{"start":{"line":65,"column":0},"end":{"line":65,"column":10}},"30":{"start":{"line":66,"column":0},"end":{"line":80,"column":50}},"31":{"start":{"line":67,"column":4},"end":{"line":67,"column":36}},"32":{"start":{"line":68,"column":4},"end":{"line":68,"column":36}},"33":{"start":{"line":69,"column":4},"end":{"line":69,"column":40}},"34":{"start":{"line":70,"column":4},"end":{"line":70,"column":38}},"35":{"start":{"line":71,"column":4},"end":{"line":71,"column":38}},"36":{"start":{"line":72,"column":4},"end":{"line":72,"column":36}},"37":{"start":{"line":73,"column":4},"end":{"line":73,"column":40}},"38":{"start":{"line":74,"column":4},"end":{"line":74,"column":40}},"39":{"start":{"line":75,"column":4},"end":{"line":75,"column":38}},"40":{"start":{"line":76,"column":4},"end":{"line":76,"column":37}},"41":{"start":{"line":77,"column":4},"end":{"line":77,"column":39}},"42":{"start":{"line":78,"column":4},"end":{"line":78,"column":41}},"43":{"start":{"line":79,"column":4},"end":{"line":79,"column":39}}},"branchMap":{"1":{"line":22,"type":"if","locations":[{"start":{"line":22,"column":8},"end":{"line":22,"column":8}},{"start":{"line":22,"column":8},"end":{"line":22,"column":8}}]},"2":{"line":22,"type":"binary-expr","locations":[{"start":{"line":22,"column":12},"end":{"line":22,"column":39}},{"start":{"line":22,"column":43},"end":{"line":22,"column":56}}]},"3":{"line":25,"type":"if","locations":[{"start":{"line":25,"column":8},"end":{"line":25,"column":8}},{"start":{"line":25,"column":8},"end":{"line":25,"column":8}}]},"4":{"line":25,"type":"binary-expr","locations":[{"start":{"line":25,"column":12},"end":{"line":25,"column":40}},{"start":{"line":25,"column":44},"end":{"line":25,"column":58}}]},"5":{"line":36,"type":"switch","locations":[{"start":{"line":37,"column":12},"end":{"line":39,"column":25}},{"start":{"line":40,"column":12},"end":{"line":40,"column":37}},{"start":{"line":41,"column":12},"end":{"line":41,"column":39}},{"start":{"line":42,"column":12},"end":{"line":42,"column":38}},{"start":{"line":43,"column":12},"end":{"line":43,"column":38}},{"start":{"line":44,"column":12},"end":{"line":44,"column":37}},{"start":{"line":45,"column":12},"end":{"line":45,"column":39}},{"start":{"line":46,"column":12},"end":{"line":46,"column":39}},{"start":{"line":47,"column":12},"end":{"line":47,"column":38}},{"start":{"line":48,"column":12},"end":{"line":48,"column":27}},{"start":{"line":49,"column":12},"end":{"line":49,"column":28}},{"start":{"line":50,"column":12},"end":{"line":50,"column":29}},{"start":{"line":51,"column":12},"end":{"line":51,"column":39}},{"start":{"line":52,"column":12},"end":{"line":52,"column":75}}]},"6":{"line":64,"type":"binary-expr","locations":[{"start":{"line":64,"column":10},"end":{"line":64,"column":22}},{"start":{"line":64,"column":27},"end":{"line":64,"column":44}}]},"7":{"line":80,"type":"binary-expr","locations":[{"start":{"line":80,"column":11},"end":{"line":80,"column":24}},{"start":{"line":80,"column":29},"end":{"line":80,"column":47}}]}}},"/mnt/c/Users/sigmu/Code/gamesimulator/lib-gs-cards/dist/src/deck.js":{"path":"/mnt/c/Users/sigmu/Code/gamesimulator/lib-gs-cards/dist/src/deck.js","s":{"1":1,"2":1,"3":10,"4":10,"5":1,"6":51,"7":51,"8":12,"9":2,"10":3,"11":2,"12":2,"13":12,"14":48,"15":48,"16":624,"17":624,"18":1},"b":{},"f":{"1":10,"2":1,"3":12,"4":2,"5":3,"6":2,"7":2,"8":12},"fnMap":{"1":{"name":"(anonymous_1)","line":20,"loc":{"start":{"line":20,"column":15},"end":{"line":20,"column":18}}},"2":{"name":"(anonymous_2)","line":27,"loc":{"start":{"line":27,"column":11},"end":{"line":27,"column":14}}},"3":{"name":"(anonymous_3)","line":37,"loc":{"start":{"line":37,"column":15},"end":{"line":37,"column":18}}},"4":{"name":"(anonymous_4)","line":43,"loc":{"start":{"line":43,"column":8},"end":{"line":43,"column":11}}},"5":{"name":"(anonymous_5)","line":49,"loc":{"start":{"line":49,"column":8},"end":{"line":49,"column":11}}},"6":{"name":"(anonymous_6)","line":55,"loc":{"start":{"line":55,"column":7},"end":{"line":55,"column":14}}},"7":{"name":"(anonymous_7)","line":60,"loc":{"start":{"line":60,"column":10},"end":{"line":60,"column":13}}},"8":{"name":"(anonymous_8)","line":65,"loc":{"start":{"line":65,"column":11},"end":{"line":65,"column":14}}}},"statementMap":{"1":{"start":{"line":10,"column":0},"end":{"line":10,"column":62}},"2":{"start":{"line":11,"column":0},"end":{"line":11,"column":33}},"3":{"start":{"line":22,"column":8},"end":{"line":22,"column":33}},"4":{"start":{"line":23,"column":8},"end":{"line":23,"column":23}},"5":{"start":{"line":29,"column":8},"end":{"line":32,"column":9}},"6":{"start":{"line":30,"column":12},"end":{"line":30,"column":58}},"7":{"start":{"line":31,"column":12},"end":{"line":31,"column":76}},"8":{"start":{"line":38,"column":8},"end":{"line":38,"column":33}},"9":{"start":{"line":44,"column":8},"end":{"line":44,"column":32}},"10":{"start":{"line":50,"column":8},"end":{"line":50,"column":49}},"11":{"start":{"line":56,"column":8},"end":{"line":56,"column":30}},"12":{"start":{"line":61,"column":8},"end":{"line":61,"column":23}},"13":{"start":{"line":66,"column":8},"end":{"line":72,"column":9}},"14":{"start":{"line":67,"column":12},"end":{"line":67,"column":42}},"15":{"start":{"line":68,"column":12},"end":{"line":71,"column":13}},"16":{"start":{"line":69,"column":16},"end":{"line":69,"column":49}},"17":{"start":{"line":70,"column":16},"end":{"line":70,"column":62}},"18":{"start":{"line":75,"column":0},"end":{"line":75,"column":20}}},"branchMap":{}},"/mnt/c/Users/sigmu/Code/gamesimulator/lib-gs-cards/dist/src/hand.js":{"path":"/mnt/c/Users/sigmu/Code/gamesimulator/lib-gs-cards/dist/src/hand.js","s":{"1":1,"2":8,"3":12,"4":1,"5":2,"6":2,"7":2,"8":2,"9":7,"10":1},"b":{},"f":{"1":8,"2":12,"3":1,"4":2,"5":2,"6":7},"fnMap":{"1":{"name":"(anonymous_1)","line":19,"loc":{"start":{"line":19,"column":15},"end":{"line":19,"column":18}}},"2":{"name":"(anonymous_2)","line":25,"loc":{"start":{"line":25,"column":15},"end":{"line":25,"column":18}}},"3":{"name":"(anonymous_3)","line":31,"loc":{"start":{"line":31,"column":8},"end":{"line":31,"column":11}}},"4":{"name":"(anonymous_4)","line":37,"loc":{"start":{"line":37,"column":8},"end":{"line":37,"column":16}}},"5":{"name":"(anonymous_5)","line":45,"loc":{"start":{"line":45,"column":8},"end":{"line":45,"column":16}}},"6":{"name":"(anonymous_6)","line":51,"loc":{"start":{"line":51,"column":7},"end":{"line":51,"column":14}}}},"statementMap":{"1":{"start":{"line":10,"column":0},"end":{"line":10,"column":62}},"2":{"start":{"line":20,"column":8},"end":{"line":20,"column":33}},"3":{"start":{"line":26,"column":8},"end":{"line":26,"column":33}},"4":{"start":{"line":32,"column":8},"end":{"line":32,"column":26}},"5":{"start":{"line":38,"column":8},"end":{"line":38,"column":37}},"6":{"start":{"line":39,"column":8},"end":{"line":39,"column":36}},"7":{"start":{"line":40,"column":8},"end":{"line":40,"column":20}},"8":{"start":{"line":46,"column":8},"end":{"line":46,"column":33}},"9":{"start":{"line":52,"column":8},"end":{"line":52,"column":30}},"10":{"start":{"line":55,"column":0},"end":{"line":55,"column":20}}},"branchMap":{}}}