{"/mnt/c/Users/sigmu/Code/gamesimulator/lib-gs-cards/dist/src/card.js":{"path":"/mnt/c/Users/sigmu/Code/gamesimulator/lib-gs-cards/dist/src/card.js","s":{"1":1,"2":642,"3":1,"4":641,"5":1,"6":640,"7":640,"8":13,"9":1,"10":1,"11":1,"12":1,"13":1,"14":1,"15":1,"16":1,"17":1,"18":1,"19":4,"20":0,"21":1,"22":1,"23":1,"24":1,"25":1,"26":1,"27":1,"28":1,"29":1,"30":1,"31":1,"32":1,"33":1,"34":1,"35":1,"36":1,"37":1,"38":1,"39":1,"40":1,"41":1,"42":1,"43":1},"b":{"1":[1,641],"2":[642,642],"3":[1,640],"4":[641,641],"5":[1,1,1,1,1,1,1,1,1,1,2,3,4,0],"6":[1,1],"7":[1,1]},"f":{"1":642,"2":13,"3":1,"4":1},"fnMap":{"1":{"name":"(anonymous_1)","line":4,"loc":{"start":{"line":4,"column":15},"end":{"line":4,"column":29}}},"2":{"name":"(anonymous_2)","line":14,"loc":{"start":{"line":14,"column":11},"end":{"line":14,"column":14}}},"3":{"name":"(anonymous_3)","line":38,"loc":{"start":{"line":38,"column":1},"end":{"line":38,"column":17}}},"4":{"name":"(anonymous_4)","line":45,"loc":{"start":{"line":45,"column":1},"end":{"line":45,"column":18}}}},"statementMap":{"1":{"start":{"line":2,"column":0},"end":{"line":2,"column":62}},"2":{"start":{"line":5,"column":8},"end":{"line":7,"column":9}},"3":{"start":{"line":6,"column":12},"end":{"line":6,"column":60}},"4":{"start":{"line":8,"column":8},"end":{"line":10,"column":9}},"5":{"start":{"line":9,"column":12},"end":{"line":9,"column":61}},"6":{"start":{"line":11,"column":8},"end":{"line":11,"column":27}},"7":{"start":{"line":12,"column":8},"end":{"line":12,"column":25}},"8":{"start":{"line":15,"column":8},"end":{"line":32,"column":9}},"9":{"start":{"line":17,"column":16},"end":{"line":17,"column":36}},"10":{"start":{"line":18,"column":16},"end":{"line":18,"column":25}},"11":{"start":{"line":19,"column":28},"end":{"line":19,"column":37}},"12":{"start":{"line":20,"column":30},"end":{"line":20,"column":39}},"13":{"start":{"line":21,"column":29},"end":{"line":21,"column":38}},"14":{"start":{"line":22,"column":29},"end":{"line":22,"column":38}},"15":{"start":{"line":23,"column":28},"end":{"line":23,"column":37}},"16":{"start":{"line":24,"column":30},"end":{"line":24,"column":39}},"17":{"start":{"line":25,"column":30},"end":{"line":25,"column":39}},"18":{"start":{"line":26,"column":29},"end":{"line":26,"column":38}},"19":{"start":{"line":30,"column":29},"end":{"line":30,"column":39}},"20":{"start":{"line":31,"column":21},"end":{"line":31,"column":75}},"21":{"start":{"line":35,"column":0},"end":{"line":35,"column":20}},"22":{"start":{"line":36,"column":0},"end":{"line":36,"column":23}},"23":{"start":{"line":37,"column":0},"end":{"line":37,"column":9}},"24":{"start":{"line":38,"column":0},"end":{"line":43,"column":47}},"25":{"start":{"line":39,"column":4},"end":{"line":39,"column":40}},"26":{"start":{"line":40,"column":4},"end":{"line":40,"column":44}},"27":{"start":{"line":41,"column":4},"end":{"line":41,"column":38}},"28":{"start":{"line":42,"column":4},"end":{"line":42,"column":40}},"29":{"start":{"line":44,"column":0},"end":{"line":44,"column":10}},"30":{"start":{"line":45,"column":0},"end":{"line":59,"column":50}},"31":{"start":{"line":46,"column":4},"end":{"line":46,"column":36}},"32":{"start":{"line":47,"column":4},"end":{"line":47,"column":36}},"33":{"start":{"line":48,"column":4},"end":{"line":48,"column":40}},"34":{"start":{"line":49,"column":4},"end":{"line":49,"column":38}},"35":{"start":{"line":50,"column":4},"end":{"line":50,"column":38}},"36":{"start":{"line":51,"column":4},"end":{"line":51,"column":36}},"37":{"start":{"line":52,"column":4},"end":{"line":52,"column":40}},"38":{"start":{"line":53,"column":4},"end":{"line":53,"column":40}},"39":{"start":{"line":54,"column":4},"end":{"line":54,"column":38}},"40":{"start":{"line":55,"column":4},"end":{"line":55,"column":37}},"41":{"start":{"line":56,"column":4},"end":{"line":56,"column":39}},"42":{"start":{"line":57,"column":4},"end":{"line":57,"column":41}},"43":{"start":{"line":58,"column":4},"end":{"line":58,"column":39}}},"branchMap":{"1":{"line":5,"type":"if","locations":[{"start":{"line":5,"column":8},"end":{"line":5,"column":8}},{"start":{"line":5,"column":8},"end":{"line":5,"column":8}}]},"2":{"line":5,"type":"binary-expr","locations":[{"start":{"line":5,"column":12},"end":{"line":5,"column":39}},{"start":{"line":5,"column":43},"end":{"line":5,"column":56}}]},"3":{"line":8,"type":"if","locations":[{"start":{"line":8,"column":8},"end":{"line":8,"column":8}},{"start":{"line":8,"column":8},"end":{"line":8,"column":8}}]},"4":{"line":8,"type":"binary-expr","locations":[{"start":{"line":8,"column":12},"end":{"line":8,"column":40}},{"start":{"line":8,"column":44},"end":{"line":8,"column":58}}]},"5":{"line":15,"type":"switch","locations":[{"start":{"line":16,"column":12},"end":{"line":18,"column":25}},{"start":{"line":19,"column":12},"end":{"line":19,"column":37}},{"start":{"line":20,"column":12},"end":{"line":20,"column":39}},{"start":{"line":21,"column":12},"end":{"line":21,"column":38}},{"start":{"line":22,"column":12},"end":{"line":22,"column":38}},{"start":{"line":23,"column":12},"end":{"line":23,"column":37}},{"start":{"line":24,"column":12},"end":{"line":24,"column":39}},{"start":{"line":25,"column":12},"end":{"line":25,"column":39}},{"start":{"line":26,"column":12},"end":{"line":26,"column":38}},{"start":{"line":27,"column":12},"end":{"line":27,"column":27}},{"start":{"line":28,"column":12},"end":{"line":28,"column":28}},{"start":{"line":29,"column":12},"end":{"line":29,"column":29}},{"start":{"line":30,"column":12},"end":{"line":30,"column":39}},{"start":{"line":31,"column":12},"end":{"line":31,"column":75}}]},"6":{"line":43,"type":"binary-expr","locations":[{"start":{"line":43,"column":10},"end":{"line":43,"column":22}},{"start":{"line":43,"column":27},"end":{"line":43,"column":44}}]},"7":{"line":59,"type":"binary-expr","locations":[{"start":{"line":59,"column":11},"end":{"line":59,"column":24}},{"start":{"line":59,"column":29},"end":{"line":59,"column":47}}]}}},"/mnt/c/Users/sigmu/Code/gamesimulator/lib-gs-cards/dist/src/deck.js":{"path":"/mnt/c/Users/sigmu/Code/gamesimulator/lib-gs-cards/dist/src/deck.js","s":{"1":1,"2":1,"3":10,"4":10,"5":1,"6":51,"7":51,"8":12,"9":2,"10":3,"11":2,"12":2,"13":12,"14":48,"15":48,"16":624,"17":624,"18":1},"b":{},"f":{"1":10,"2":1,"3":12,"4":2,"5":3,"6":2,"7":2,"8":12},"fnMap":{"1":{"name":"(anonymous_1)","line":5,"loc":{"start":{"line":5,"column":15},"end":{"line":5,"column":18}}},"2":{"name":"(anonymous_2)","line":10,"loc":{"start":{"line":10,"column":11},"end":{"line":10,"column":14}}},"3":{"name":"(anonymous_3)","line":17,"loc":{"start":{"line":17,"column":15},"end":{"line":17,"column":18}}},"4":{"name":"(anonymous_4)","line":20,"loc":{"start":{"line":20,"column":8},"end":{"line":20,"column":11}}},"5":{"name":"(anonymous_5)","line":23,"loc":{"start":{"line":23,"column":8},"end":{"line":23,"column":11}}},"6":{"name":"(anonymous_6)","line":26,"loc":{"start":{"line":26,"column":7},"end":{"line":26,"column":14}}},"7":{"name":"(anonymous_7)","line":29,"loc":{"start":{"line":29,"column":10},"end":{"line":29,"column":13}}},"8":{"name":"(anonymous_8)","line":32,"loc":{"start":{"line":32,"column":11},"end":{"line":32,"column":14}}}},"statementMap":{"1":{"start":{"line":2,"column":0},"end":{"line":2,"column":62}},"2":{"start":{"line":3,"column":0},"end":{"line":3,"column":33}},"3":{"start":{"line":7,"column":8},"end":{"line":7,"column":33}},"4":{"start":{"line":8,"column":8},"end":{"line":8,"column":23}},"5":{"start":{"line":12,"column":8},"end":{"line":15,"column":9}},"6":{"start":{"line":13,"column":12},"end":{"line":13,"column":58}},"7":{"start":{"line":14,"column":12},"end":{"line":14,"column":76}},"8":{"start":{"line":18,"column":8},"end":{"line":18,"column":33}},"9":{"start":{"line":21,"column":8},"end":{"line":21,"column":32}},"10":{"start":{"line":24,"column":8},"end":{"line":24,"column":49}},"11":{"start":{"line":27,"column":8},"end":{"line":27,"column":30}},"12":{"start":{"line":30,"column":8},"end":{"line":30,"column":23}},"13":{"start":{"line":33,"column":8},"end":{"line":39,"column":9}},"14":{"start":{"line":34,"column":12},"end":{"line":34,"column":42}},"15":{"start":{"line":35,"column":12},"end":{"line":38,"column":13}},"16":{"start":{"line":36,"column":16},"end":{"line":36,"column":49}},"17":{"start":{"line":37,"column":16},"end":{"line":37,"column":62}},"18":{"start":{"line":42,"column":0},"end":{"line":42,"column":20}}},"branchMap":{}}}