TN:
SF:/mnt/c/Users/sigmu/Code/gamesimulator/lib-gs-cards/dist/src/card.js
FN:21,(anonymous_1)
FN:35,(anonymous_2)
FN:59,(anonymous_3)
FN:66,(anonymous_4)
FNF:4
FNH:4
FNDA:649,(anonymous_1)
FNDA:13,(anonymous_2)
FNDA:1,(anonymous_3)
FNDA:1,(anonymous_4)
DA:10,1
DA:22,649
DA:23,1
DA:25,648
DA:26,1
DA:28,647
DA:29,647
DA:36,13
DA:38,1
DA:39,1
DA:40,1
DA:41,1
DA:42,1
DA:43,1
DA:44,1
DA:45,1
DA:46,1
DA:47,1
DA:51,4
DA:52,0
DA:56,1
DA:57,1
DA:58,1
DA:59,1
DA:60,1
DA:61,1
DA:62,1
DA:63,1
DA:65,1
DA:66,1
DA:67,1
DA:68,1
DA:69,1
DA:70,1
DA:71,1
DA:72,1
DA:73,1
DA:74,1
DA:75,1
DA:76,1
DA:77,1
DA:78,1
DA:79,1
LF:43
LH:42
BRDA:22,1,0,1
BRDA:22,1,1,648
BRDA:22,2,0,649
BRDA:22,2,1,649
BRDA:25,3,0,1
BRDA:25,3,1,647
BRDA:25,4,0,648
BRDA:25,4,1,648
BRDA:36,5,0,1
BRDA:36,5,1,1
BRDA:36,5,2,1
BRDA:36,5,3,1
BRDA:36,5,4,1
BRDA:36,5,5,1
BRDA:36,5,6,1
BRDA:36,5,7,1
BRDA:36,5,8,1
BRDA:36,5,9,1
BRDA:36,5,10,2
BRDA:36,5,11,3
BRDA:36,5,12,4
BRDA:36,5,13,0
BRDA:64,6,0,1
BRDA:64,6,1,1
BRDA:80,7,0,1
BRDA:80,7,1,1
BRF:26
BRH:25
end_of_record
TN:
SF:/mnt/c/Users/sigmu/Code/gamesimulator/lib-gs-cards/dist/src/deck.js
FN:20,(anonymous_1)
FN:27,(anonymous_2)
FN:37,(anonymous_3)
FN:43,(anonymous_4)
FN:49,(anonymous_5)
FN:55,(anonymous_6)
FN:60,(anonymous_7)
FN:65,(anonymous_8)
FNF:8
FNH:8
FNDA:10,(anonymous_1)
FNDA:1,(anonymous_2)
FNDA:12,(anonymous_3)
FNDA:2,(anonymous_4)
FNDA:3,(anonymous_5)
FNDA:2,(anonymous_6)
FNDA:2,(anonymous_7)
FNDA:12,(anonymous_8)
DA:10,1
DA:11,1
DA:22,10
DA:23,10
DA:29,1
DA:30,51
DA:31,51
DA:38,12
DA:44,2
DA:50,3
DA:56,2
DA:61,2
DA:66,12
DA:67,48
DA:68,48
DA:69,624
DA:70,624
DA:75,1
LF:18
LH:18
BRF:0
BRH:0
end_of_record
TN:
SF:/mnt/c/Users/sigmu/Code/gamesimulator/lib-gs-cards/dist/src/hand.js
FN:19,(anonymous_1)
FN:25,(anonymous_2)
FN:31,(anonymous_3)
FN:37,(anonymous_4)
FN:45,(anonymous_5)
FN:51,(anonymous_6)
FNF:6
FNH:6
FNDA:8,(anonymous_1)
FNDA:12,(anonymous_2)
FNDA:1,(anonymous_3)
FNDA:2,(anonymous_4)
FNDA:2,(anonymous_5)
FNDA:7,(anonymous_6)
DA:10,1
DA:20,8
DA:26,12
DA:32,1
DA:38,2
DA:39,2
DA:40,2
DA:46,2
DA:52,7
DA:55,1
LF:10
LH:10
BRF:0
BRH:0
end_of_record
