TN:
SF:/mnt/c/Users/sigmu/Code/gamesimulator/lib-gs-cards/dist/src/card.js
FN:4,(anonymous_1)
FN:14,(anonymous_2)
FN:38,(anonymous_3)
FN:45,(anonymous_4)
FNF:4
FNH:4
FNDA:642,(anonymous_1)
FNDA:13,(anonymous_2)
FNDA:1,(anonymous_3)
FNDA:1,(anonymous_4)
DA:2,1
DA:5,642
DA:6,1
DA:8,641
DA:9,1
DA:11,640
DA:12,640
DA:15,13
DA:17,1
DA:18,1
DA:19,1
DA:20,1
DA:21,1
DA:22,1
DA:23,1
DA:24,1
DA:25,1
DA:26,1
DA:30,4
DA:31,0
DA:35,1
DA:36,1
DA:37,1
DA:38,1
DA:39,1
DA:40,1
DA:41,1
DA:42,1
DA:44,1
DA:45,1
DA:46,1
DA:47,1
DA:48,1
DA:49,1
DA:50,1
DA:51,1
DA:52,1
DA:53,1
DA:54,1
DA:55,1
DA:56,1
DA:57,1
DA:58,1
LF:43
LH:42
BRDA:5,1,0,1
BRDA:5,1,1,641
BRDA:5,2,0,642
BRDA:5,2,1,642
BRDA:8,3,0,1
BRDA:8,3,1,640
BRDA:8,4,0,641
BRDA:8,4,1,641
BRDA:15,5,0,1
BRDA:15,5,1,1
BRDA:15,5,2,1
BRDA:15,5,3,1
BRDA:15,5,4,1
BRDA:15,5,5,1
BRDA:15,5,6,1
BRDA:15,5,7,1
BRDA:15,5,8,1
BRDA:15,5,9,1
BRDA:15,5,10,2
BRDA:15,5,11,3
BRDA:15,5,12,4
BRDA:15,5,13,0
BRDA:43,6,0,1
BRDA:43,6,1,1
BRDA:59,7,0,1
BRDA:59,7,1,1
BRF:26
BRH:25
end_of_record
TN:
SF:/mnt/c/Users/sigmu/Code/gamesimulator/lib-gs-cards/dist/src/deck.js
FN:5,(anonymous_1)
FN:10,(anonymous_2)
FN:17,(anonymous_3)
FN:20,(anonymous_4)
FN:23,(anonymous_5)
FN:26,(anonymous_6)
FN:29,(anonymous_7)
FN:32,(anonymous_8)
FNF:8
FNH:8
FNDA:10,(anonymous_1)
FNDA:1,(anonymous_2)
FNDA:12,(anonymous_3)
FNDA:2,(anonymous_4)
FNDA:3,(anonymous_5)
FNDA:2,(anonymous_6)
FNDA:2,(anonymous_7)
FNDA:12,(anonymous_8)
DA:2,1
DA:3,1
DA:7,10
DA:8,10
DA:12,1
DA:13,51
DA:14,51
DA:18,12
DA:21,2
DA:24,3
DA:27,2
DA:30,2
DA:33,12
DA:34,48
DA:35,48
DA:36,624
DA:37,624
DA:42,1
LF:18
LH:18
BRF:0
BRH:0
end_of_record
